0 info it worked if it ends with ok
1 verbose cli [ 'C:\\Program Files\\nodejs\\\\node.exe',
1 verbose cli   'C:\\Program Files\\nodejs\\node_modules\\npm\\bin\\npm-cli.js',
1 verbose cli   'install',
1 verbose cli   'os' ]
2 info using npm@1.4.3
3 info using node@v0.10.26
4 verbose node symlink C:\Program Files\nodejs\\node.exe
5 warn package.json util@0.10.3 util is also the name of a node core module.
6 verbose readDependencies using package.json deps
7 verbose cache add [ 'os', null ]
8 verbose cache add name=undefined spec="os" args=["os",null]
9 verbose parsed url { protocol: null,
9 verbose parsed url   slashes: null,
9 verbose parsed url   auth: null,
9 verbose parsed url   host: null,
9 verbose parsed url   port: null,
9 verbose parsed url   hostname: null,
9 verbose parsed url   hash: null,
9 verbose parsed url   search: null,
9 verbose parsed url   query: null,
9 verbose parsed url   pathname: 'os',
9 verbose parsed url   path: 'os',
9 verbose parsed url   href: 'os' }
10 silly lockFile 999a3419-os os
11 verbose lock os C:\Users\visre\AppData\Roaming\npm-cache\999a3419-os.lock
12 silly lockFile 999a3419-os os
13 silly lockFile 999a3419-os os
14 verbose addNamed [ 'os', '' ]
15 verbose addNamed [ null, '*' ]
16 silly lockFile 46c56d42-os os@
17 verbose lock os@ C:\Users\visre\AppData\Roaming\npm-cache\46c56d42-os.lock
18 silly addNameRange { name: 'os', range: '*', hasData: false }
19 verbose url raw os
20 verbose url resolving [ 'http://registry.npmjs.org/', './os' ]
21 verbose url resolved http://registry.npmjs.org/os
22 info trying registry request attempt 1 at 13:31:05
23 http GET http://registry.npmjs.org/os
24 http 404 http://registry.npmjs.org/os
25 silly registry.get cb [ 404,
25 silly registry.get   { server: 'CouchDB/1.5.0 (Erlang OTP/R16B03)',
25 silly registry.get     'content-type': 'application/json',
25 silly registry.get     'cache-control': 'max-age=0',
25 silly registry.get     'content-length': '52',
25 silly registry.get     'accept-ranges': 'bytes',
25 silly registry.get     date: 'Thu, 02 Oct 2014 11:31:05 GMT',
25 silly registry.get     via: '1.1 varnish',
25 silly registry.get     age: '0',
25 silly registry.get     'x-served-by': 'cache-lcy1132-LCY',
25 silly registry.get     'x-cache': 'MISS',
25 silly registry.get     'x-cache-hits': '0',
25 silly registry.get     'x-timer': 'S1412249465.039597,VS0,VE159',
25 silly registry.get     connection: 'Keep-Alive' } ]
26 silly lockFile 46c56d42-os os@
27 silly lockFile 46c56d42-os os@
28 error 404 'os' is not in the npm registry.
28 error 404 You should bug the author to publish it
28 error 404 It was specified as a dependency of 'sage1000store'
28 error 404
28 error 404 Note that you can also install from a
28 error 404 tarball, folder, or http url, or git url.
29 error System Windows_NT 6.1.7601
30 error command "C:\\Program Files\\nodejs\\\\node.exe" "C:\\Program Files\\nodejs\\node_modules\\npm\\bin\\npm-cli.js" "install" "os"
31 error cwd C:\Users\visre\Documents\GitHub\sage1000StoreTest
32 error node -v v0.10.26
33 error npm -v 1.4.3
34 error code E404
35 verbose exit [ 1, true ]
